<?xml version="1.0" encoding="UTF-8"?>
<testng-results skipped="0" failed="1" ignored="0" total="11" passed="10">
  <reporter-output>
  </reporter-output>
  <suite name="Default suite" duration-ms="436908" started-at="2020-05-02T12:50:14Z" finished-at="2020-05-02T12:57:31Z">
    <groups>
    </groups>
    <test name="Default test" duration-ms="436908" started-at="2020-05-02T12:50:14Z" finished-at="2020-05-02T12:57:31Z">
      <class name="Inventory_Transaction.Purchase_challan_new">
        <test-method status="PASS" signature="webLaunch()[pri:0, instance:Inventory_Transaction.Purchase_challan_new@5c33f1a9]" name="webLaunch" is-config="true" duration-ms="10957" started-at="2020-05-02T12:50:03Z" finished-at="2020-05-02T12:50:14Z">
          <reporter-output>
          </reporter-output>
        </test-method> <!-- webLaunch -->
        <test-method status="PASS" signature="login()[pri:0, instance:Inventory_Transaction.Purchase_challan_new@5c33f1a9]" name="login" is-config="true" duration-ms="1099" started-at="2020-05-02T12:50:14Z" finished-at="2020-05-02T12:50:15Z">
          <reporter-output>
          </reporter-output>
        </test-method> <!-- login -->
        <test-method status="PASS" signature="action()[pri:1, instance:Inventory_Transaction.Purchase_challan_new@5c33f1a9]" name="action" duration-ms="20009" started-at="2020-05-02T12:50:15Z" finished-at="2020-05-02T12:50:35Z">
          <reporter-output>
          </reporter-output>
        </test-method> <!-- action -->
        <test-method status="PASS" signature="createPc()[pri:2, instance:Inventory_Transaction.Purchase_challan_new@5c33f1a9]" name="createPc" duration-ms="10420" started-at="2020-05-02T12:50:35Z" finished-at="2020-05-02T12:50:45Z">
          <reporter-output>
          </reporter-output>
        </test-method> <!-- createPc -->
        <test-method status="PASS" signature="selectLedger()[pri:3, instance:Inventory_Transaction.Purchase_challan_new@5c33f1a9]" name="selectLedger" duration-ms="28646" started-at="2020-05-02T12:50:45Z" finished-at="2020-05-02T12:51:14Z">
          <reporter-output>
          </reporter-output>
        </test-method> <!-- selectLedger -->
        <test-method status="PASS" signature="challanNo()[pri:4, instance:Inventory_Transaction.Purchase_challan_new@5c33f1a9]" name="challanNo" duration-ms="1185" started-at="2020-05-02T12:51:14Z" finished-at="2020-05-02T12:51:15Z">
          <reporter-output>
          </reporter-output>
        </test-method> <!-- challanNo -->
        <test-method status="PASS" signature="store()[pri:5, instance:Inventory_Transaction.Purchase_challan_new@5c33f1a9]" name="store" duration-ms="726" started-at="2020-05-02T12:51:15Z" finished-at="2020-05-02T12:51:16Z">
          <reporter-output>
          </reporter-output>
        </test-method> <!-- store -->
        <test-method status="PASS" signature="Purtype()[pri:6, instance:Inventory_Transaction.Purchase_challan_new@5c33f1a9]" name="Purtype" duration-ms="303" started-at="2020-05-02T12:51:16Z" finished-at="2020-05-02T12:51:16Z">
          <reporter-output>
          </reporter-output>
        </test-method> <!-- Purtype -->
        <test-method status="PASS" signature="pendingor()[pri:7, instance:Inventory_Transaction.Purchase_challan_new@5c33f1a9]" name="pendingor" duration-ms="13195" started-at="2020-05-02T12:51:16Z" finished-at="2020-05-02T12:51:29Z">
          <reporter-output>
          </reporter-output>
        </test-method> <!-- pendingor -->
        <test-method status="PASS" signature="itemCode()[pri:8, instance:Inventory_Transaction.Purchase_challan_new@5c33f1a9]" name="itemCode" duration-ms="160615" started-at="2020-05-02T12:51:29Z" finished-at="2020-05-02T12:54:10Z">
          <reporter-output>
          </reporter-output>
        </test-method> <!-- itemCode -->
        <test-method status="PASS" signature="itemSelect()[pri:9, instance:Inventory_Transaction.Purchase_challan_new@5c33f1a9]" name="itemSelect" duration-ms="80219" started-at="2020-05-02T12:54:10Z" finished-at="2020-05-02T12:55:30Z">
          <reporter-output>
          </reporter-output>
        </test-method> <!-- itemSelect -->
        <test-method status="FAIL" signature="quaty()[pri:10, instance:Inventory_Transaction.Purchase_challan_new@5c33f1a9]" name="quaty" duration-ms="40173" started-at="2020-05-02T12:55:30Z" finished-at="2020-05-02T12:56:10Z">
          <exception class="org.openqa.selenium.NoSuchElementException">
            <message>
              <![CDATA[no such element: Unable to locate element: {"method":"xpath","selector":"//input[@id='txt-unitFromEnteredValue-0']"}
  (Session info: chrome=81.0.4044.129)
For documentation on this error, please visit: https://www.seleniumhq.org/exceptions/no_such_element.html
Build info: version: '3.141.59', revision: 'e82be7d358', time: '2018-11-14T08:25:53'
System info: host: 'DESKTOP-NM11PC', ip: '192.168.88.1', os.name: 'Windows 10', os.arch: 'amd64', os.version: '10.0', java.version: '1.8.0_251'
Driver info: org.openqa.selenium.chrome.ChromeDriver
Capabilities {acceptInsecureCerts: false, browserName: chrome, browserVersion: 81.0.4044.129, chrome: {chromedriverVersion: 81.0.4044.69 (6813546031a4b..., userDataDir: C:\Users\VAMSIK~1\AppData\L...}, goog:chromeOptions: {debuggerAddress: localhost:60063}, javascriptEnabled: true, networkConnectionEnabled: false, pageLoadStrategy: normal, platform: WINDOWS, platformName: WINDOWS, proxy: Proxy(), setWindowRect: true, strictFileInteractability: false, timeouts: {implicit: 0, pageLoad: 300000, script: 30000}, unhandledPromptBehavior: dismiss and notify, webauthn:virtualAuthenticators: true}
Session ID: db709974f8a411a7841bea89c5e80cba
*** Element info: {Using=xpath, value=//input[@id='txt-unitFromEnteredValue-0']}]]>
            </message>
            <full-stacktrace>
              <![CDATA[org.openqa.selenium.NoSuchElementException: no such element: Unable to locate element: {"method":"xpath","selector":"//input[@id='txt-unitFromEnteredValue-0']"}
  (Session info: chrome=81.0.4044.129)
For documentation on this error, please visit: https://www.seleniumhq.org/exceptions/no_such_element.html
Build info: version: '3.141.59', revision: 'e82be7d358', time: '2018-11-14T08:25:53'
System info: host: 'DESKTOP-NM11PC', ip: '192.168.88.1', os.name: 'Windows 10', os.arch: 'amd64', os.version: '10.0', java.version: '1.8.0_251'
Driver info: org.openqa.selenium.chrome.ChromeDriver
Capabilities {acceptInsecureCerts: false, browserName: chrome, browserVersion: 81.0.4044.129, chrome: {chromedriverVersion: 81.0.4044.69 (6813546031a4b..., userDataDir: C:\Users\VAMSIK~1\AppData\L...}, goog:chromeOptions: {debuggerAddress: localhost:60063}, javascriptEnabled: true, networkConnectionEnabled: false, pageLoadStrategy: normal, platform: WINDOWS, platformName: WINDOWS, proxy: Proxy(), setWindowRect: true, strictFileInteractability: false, timeouts: {implicit: 0, pageLoad: 300000, script: 30000}, unhandledPromptBehavior: dismiss and notify, webauthn:virtualAuthenticators: true}
Session ID: db709974f8a411a7841bea89c5e80cba
*** Element info: {Using=xpath, value=//input[@id='txt-unitFromEnteredValue-0']}
at sun.reflect.NativeConstructorAccessorImpl.newInstance0(Native Method)
at sun.reflect.NativeConstructorAccessorImpl.newInstance(Unknown Source)
at sun.reflect.DelegatingConstructorAccessorImpl.newInstance(Unknown Source)
at java.lang.reflect.Constructor.newInstance(Unknown Source)
at org.openqa.selenium.remote.http.W3CHttpResponseCodec.createException(W3CHttpResponseCodec.java:187)
at org.openqa.selenium.remote.http.W3CHttpResponseCodec.decode(W3CHttpResponseCodec.java:122)
at org.openqa.selenium.remote.http.W3CHttpResponseCodec.decode(W3CHttpResponseCodec.java:49)
at org.openqa.selenium.remote.HttpCommandExecutor.execute(HttpCommandExecutor.java:158)
at org.openqa.selenium.remote.service.DriverCommandExecutor.execute(DriverCommandExecutor.java:83)
at org.openqa.selenium.remote.RemoteWebDriver.execute(RemoteWebDriver.java:552)
at org.openqa.selenium.remote.RemoteWebDriver.findElement(RemoteWebDriver.java:323)
at org.openqa.selenium.remote.RemoteWebDriver.findElementByXPath(RemoteWebDriver.java:428)
at org.openqa.selenium.By$ByXPath.findElement(By.java:353)
at org.openqa.selenium.remote.RemoteWebDriver.findElement(RemoteWebDriver.java:315)
at Inventory_Transaction.Purchase_challan_new.quaty(Purchase_challan_new.java:444)
at sun.reflect.NativeMethodAccessorImpl.invoke0(Native Method)
at sun.reflect.NativeMethodAccessorImpl.invoke(Unknown Source)
at sun.reflect.DelegatingMethodAccessorImpl.invoke(Unknown Source)
at java.lang.reflect.Method.invoke(Unknown Source)
at org.testng.internal.MethodInvocationHelper.invokeMethod(MethodInvocationHelper.java:124)
at org.testng.internal.Invoker.invokeMethod(Invoker.java:580)
at org.testng.internal.Invoker.invokeTestMethod(Invoker.java:716)
at org.testng.internal.Invoker.invokeTestMethods(Invoker.java:988)
at org.testng.internal.TestMethodWorker.invokeTestMethods(TestMethodWorker.java:125)
at org.testng.internal.TestMethodWorker.run(TestMethodWorker.java:109)
at org.testng.TestRunner.privateRun(TestRunner.java:648)
at org.testng.TestRunner.run(TestRunner.java:505)
at org.testng.SuiteRunner.runTest(SuiteRunner.java:455)
at org.testng.SuiteRunner.runSequentially(SuiteRunner.java:450)
at org.testng.SuiteRunner.privateRun(SuiteRunner.java:415)
at org.testng.SuiteRunner.run(SuiteRunner.java:364)
at org.testng.SuiteRunnerWorker.runSuite(SuiteRunnerWorker.java:52)
at org.testng.SuiteRunnerWorker.run(SuiteRunnerWorker.java:84)
at org.testng.TestNG.runSuitesSequentially(TestNG.java:1208)
at org.testng.TestNG.runSuitesLocally(TestNG.java:1137)
at org.testng.TestNG.runSuites(TestNG.java:1049)
at org.testng.TestNG.run(TestNG.java:1017)
at org.testng.remote.AbstractRemoteTestNG.run(AbstractRemoteTestNG.java:114)
at org.testng.remote.RemoteTestNG.initAndRun(RemoteTestNG.java:251)
at org.testng.remote.RemoteTestNG.main(RemoteTestNG.java:77)
]]>
            </full-stacktrace>
          </exception> <!-- org.openqa.selenium.NoSuchElementException -->
          <reporter-output>
          </reporter-output>
        </test-method> <!-- quaty -->
        <test-method status="PASS" signature="free()[pri:11, instance:Inventory_Transaction.Purchase_challan_new@5c33f1a9]" name="free" duration-ms="80282" started-at="2020-05-02T12:56:10Z" finished-at="2020-05-02T12:57:31Z">
          <reporter-output>
          </reporter-output>
        </test-method> <!-- free -->
      </class> <!-- Inventory_Transaction.Purchase_challan_new -->
    </test> <!-- Default test -->
  </suite> <!-- Default suite -->
</testng-results>
